<?xml version="1.0" encoding="UTF-8"?>
<!-- Generated by org.testng.reporters.JUnitReportReporter -->
<testsuite hostname="SHRI-PC" failures="0" tests="4" name="com.tests.HomeTest" time="0.645" errors="0" timestamp="2022-08-30T11:30:40 IST" skipped="0">
  <testcase classname="com.tests.HomeTest" name="verifyBookTitles" time="0.286"/>
  <system-out/>
  <testcase classname="com.tests.HomeTest" name="verifyHomePageThreeSliders" time="0.206"/>
  <system-out/>
  <testcase classname="com.tests.HomeTest" name="verifyTitle" time="0.028"/>
  <system-out/>
  <testcase classname="com.tests.HomeTest" name="verifyNewArrivalsIsDisplayed" time="0.125"/>
  <system-out/>
</testsuite> <!-- com.tests.HomeTest -->
