<?xml version="1.0" encoding="UTF-8"?>
<!-- Generated by org.testng.reporters.JUnitReportReporter -->
<testsuite hostname="SHRI-PC" failures="0" tests="2" name="com.tests.MyAccountTest" time="1.477" errors="0" timestamp="2022-08-30T11:31:09 IST" skipped="0">
  <testcase classname="com.tests.MyAccountTest" name="loginToMyAccount" time="1.452"/>
  <system-out/>
  <testcase classname="com.tests.MyAccountTest" name="verifyPageTitle" time="0.025"/>
  <system-out/>
</testsuite> <!-- com.tests.MyAccountTest -->
