<?xml version="1.0" encoding="UTF-8"?>
<!-- Generated by org.testng.reporters.JUnitReportReporter -->
<testsuite hostname="SHRI-PC" failures="0" tests="2" name="com.tests.MyAccountTest" time="2.565" errors="0" timestamp="2022-08-30T12:47:58 IST" skipped="0">
  <testcase classname="com.tests.MyAccountTest" name="loginToMyAccount" time="2.553"/>
  <system-out/>
  <testcase classname="com.tests.MyAccountTest" name="verifyPageTitle" time="0.012"/>
  <system-out/>
</testsuite> <!-- com.tests.MyAccountTest -->
